<?xml version="1.0" encoding="UTF-8"?>
<!-- Generated by org.testng.reporters.JUnitReportReporter -->
<testsuite hostname="AUSDEV9B2MZF2" name="test.LoginPageTest" tests="1" failures="0" timestamp="14 Jul 2019 16:21:59 GMT" time="14.689" errors="0">
  <testcase name="verifyLoginIntoApp" time="14.689" classname="test.LoginPageTest"/>
</testsuite> <!-- test.LoginPageTest -->
